[1/12] Performing build step for 'bootloader'
[1/1] cd /Users/colbybaker/esp-adf-env/nfc-test/build/bootloader/esp-idf/esptool_py && /Users/colbybaker/.espressif/python_env/idf5.0_py3.11_env/bin/python /Users/colbybaker/esp-adf-env/esp-adf/esp-idf/components/partition_table/check_sizes.py --offset 0x8000 bootloader 0x1000 /Users/colbybaker/esp-adf-env/nfc-test/build/bootloader/bootloader.bin
Bootloader binary size 0x6710 bytes. 0x8f0 bytes (8%) free.
[2/10] Building CXX object esp-idf/esp-pn532/CMakeFiles/__idf_esp-pn532.dir/PN532_SPI.cpp.obj
FAILED: esp-idf/esp-pn532/CMakeFiles/__idf_esp-pn532.dir/PN532_SPI.cpp.obj 
/Users/colbybaker/.espressif/tools/xtensa-esp32-elf/esp-2022r1-11.2.0/xtensa-esp32-elf/bin/xtensa-esp32-elf-g++  -I/Users/colbybaker/esp-adf-env/nfc-test/build/config -I/Users/colbybaker/esp-adf-env/nfc-test/components/esp-pn532/include -I/Users/colbybaker/esp-adf-env/esp-adf/esp-idf/components/newlib/platform_include -I/Users/colbybaker/esp-adf-env/esp-adf/esp-idf/components/freertos/FreeRTOS-Kernel/include -I/Users/colbybaker/esp-adf-env/esp-adf/esp-idf/components/freertos/esp_additions/include/freertos -I/Users/colbybaker/esp-adf-env/esp-adf/esp-idf/components/freertos/FreeRTOS-Kernel/portable/xtensa/include -I/Users/colbybaker/esp-adf-env/esp-adf/esp-idf/components/freertos/esp_additions/include -I/Users/colbybaker/esp-adf-env/esp-adf/esp-idf/components/esp_hw_support/include -I/Users/colbybaker/esp-adf-env/esp-adf/esp-idf/components/esp_hw_support/include/soc -I/Users/colbybaker/esp-adf-env/esp-adf/esp-idf/components/esp_hw_support/include/soc/esp32 -I/Users/colbybaker/esp-adf-env/esp-adf/esp-idf/components/esp_hw_support/port/esp32/. -I/Users/colbybaker/esp-adf-env/esp-adf/esp-idf/components/esp_hw_support/port/esp32/private_include -I/Users/colbybaker/esp-adf-env/esp-adf/esp-idf/components/heap/include -I/Users/colbybaker/esp-adf-env/esp-adf/esp-idf/components/log/include -I/Users/colbybaker/esp-adf-env/esp-adf/esp-idf/components/soc/include -I/Users/colbybaker/esp-adf-env/esp-adf/esp-idf/components/soc/esp32/. -I/Users/colbybaker/esp-adf-env/esp-adf/esp-idf/components/soc/esp32/include -I/Users/colbybaker/esp-adf-env/esp-adf/esp-idf/components/hal/esp32/include -I/Users/colbybaker/esp-adf-env/esp-adf/esp-idf/components/hal/include -I/Users/colbybaker/esp-adf-env/esp-adf/esp-idf/components/hal/platform_port/include -I/Users/colbybaker/esp-adf-env/esp-adf/esp-idf/components/esp_rom/include -I/Users/colbybaker/esp-adf-env/esp-adf/esp-idf/components/esp_rom/include/esp32 -I/Users/colbybaker/esp-adf-env/esp-adf/esp-idf/components/esp_rom/esp32 -I/Users/colbybaker/esp-adf-env/esp-adf/esp-idf/components/esp_common/include -I/Users/colbybaker/esp-adf-env/esp-adf/esp-idf/components/esp_system/include -I/Users/colbybaker/esp-adf-env/esp-adf/esp-idf/components/esp_system/port/soc -I/Users/colbybaker/esp-adf-env/esp-adf/esp-idf/components/esp_system/port/include/private -I/Users/colbybaker/esp-adf-env/esp-adf/esp-idf/components/xtensa/include -I/Users/colbybaker/esp-adf-env/esp-adf/esp-idf/components/xtensa/esp32/include -I/Users/colbybaker/esp-adf-env/esp-adf/esp-idf/components/lwip/include -I/Users/colbybaker/esp-adf-env/esp-adf/esp-idf/components/lwip/include/apps -I/Users/colbybaker/esp-adf-env/esp-adf/esp-idf/components/lwip/include/apps/sntp -I/Users/colbybaker/esp-adf-env/esp-adf/esp-idf/components/lwip/lwip/src/include -I/Users/colbybaker/esp-adf-env/esp-adf/esp-idf/components/lwip/port/esp32/include -I/Users/colbybaker/esp-adf-env/esp-adf/esp-idf/components/lwip/port/esp32/include/arch -I/Users/colbybaker/esp-adf-env/esp-adf/esp-idf/components/driver/include -I/Users/colbybaker/esp-adf-env/esp-adf/esp-idf/components/driver/deprecated -I/Users/colbybaker/esp-adf-env/esp-adf/esp-idf/components/driver/esp32/include -I/Users/colbybaker/esp-adf-env/esp-adf/esp-idf/components/esp_pm/include -I/Users/colbybaker/esp-adf-env/esp-adf/esp-idf/components/esp_ringbuf/include -mlongcalls -Wno-frame-address  -fdiagnostics-color=always -ffunction-sections -fdata-sections -Wall -Werror=all -Wno-error=unused-function -Wno-error=unused-variable -Wno-error=deprecated-declarations -Wextra -Wno-unused-parameter -Wno-sign-compare -Wno-enum-conversion -gdwarf-4 -ggdb -Og -fmacro-prefix-map=/Users/colbybaker/esp-adf-env/nfc-test=. -fmacro-prefix-map=/Users/colbybaker/esp-adf-env/esp-adf/esp-idf=/IDF -fstrict-volatile-bitfields -Wno-error=unused-but-set-variable -fno-jump-tables -fno-tree-switch-conversion -DconfigENABLE_FREERTOS_DEBUG_OCDAWARE=1 -std=gnu++20 -fno-exceptions -fno-rtti -D_GNU_SOURCE -DIDF_VER=\"v5.0-dirty\" -DESP_PLATFORM -D_POSIX_READER_WRITER_LOCKS -std=gnu++17 -MD -MT esp-idf/esp-pn532/CMakeFiles/__idf_esp-pn532.dir/PN532_SPI.cpp.obj -MF esp-idf/esp-pn532/CMakeFiles/__idf_esp-pn532.dir/PN532_SPI.cpp.obj.d -o esp-idf/esp-pn532/CMakeFiles/__idf_esp-pn532.dir/PN532_SPI.cpp.obj -c /Users/colbybaker/esp-adf-env/nfc-test/components/esp-pn532/PN532_SPI.cpp
/Users/colbybaker/esp-adf-env/nfc-test/components/esp-pn532/PN532_SPI.cpp: In member function 'virtual void PN532_SPI::wakeup()':
/Users/colbybaker/esp-adf-env/nfc-test/components/esp-pn532/PN532_SPI.cpp:60:5: error: 'vTaskDelay' was not declared in this scope
   60 |     vTaskDelay(1);
      |     ^~~~~~~~~~
/Users/colbybaker/esp-adf-env/nfc-test/components/esp-pn532/PN532_SPI.cpp: In member function 'virtual int8_t PN532_SPI::writeCommand(const uint8_t*, uint8_t, const uint8_t*, uint8_t)':
/Users/colbybaker/esp-adf-env/nfc-test/components/esp-pn532/PN532_SPI.cpp:70:5: error: 'vTaskDelay' was not declared in this scope
   70 |     vTaskDelay(1);
      |     ^~~~~~~~~~
/Users/colbybaker/esp-adf-env/nfc-test/components/esp-pn532/PN532_SPI.cpp:102:5: warning: missing initializer for member 'spi_transaction_t::flags' [-Wmissing-field-initializers]
  102 |     };
      |     ^
/Users/colbybaker/esp-adf-env/nfc-test/components/esp-pn532/PN532_SPI.cpp:102:5: warning: missing initializer for member 'spi_transaction_t::cmd' [-Wmissing-field-initializers]
/Users/colbybaker/esp-adf-env/nfc-test/components/esp-pn532/PN532_SPI.cpp:102:5: warning: missing initializer for member 'spi_transaction_t::addr' [-Wmissing-field-initializers]
/Users/colbybaker/esp-adf-env/nfc-test/components/esp-pn532/PN532_SPI.cpp:102:5: warning: missing initializer for member 'spi_transaction_t::rxlength' [-Wmissing-field-initializers]
/Users/colbybaker/esp-adf-env/nfc-test/components/esp-pn532/PN532_SPI.cpp:102:5: warning: missing initializer for member 'spi_transaction_t::user' [-Wmissing-field-initializers]
/Users/colbybaker/esp-adf-env/nfc-test/components/esp-pn532/PN532_SPI.cpp:102:5: warning: missing initializer for member 'spi_transaction_t::<anonymous>' [-Wmissing-field-initializers]
/Users/colbybaker/esp-adf-env/nfc-test/components/esp-pn532/PN532_SPI.cpp: In member function 'virtual int16_t PN532_SPI::readResponse(uint8_t*, uint8_t, uint16_t)':
/Users/colbybaker/esp-adf-env/nfc-test/components/esp-pn532/PN532_SPI.cpp:133:9: error: 'vTaskDelay' was not declared in this scope
  133 |         vTaskDelay(1);
      |         ^~~~~~~~~~
/Users/colbybaker/esp-adf-env/nfc-test/components/esp-pn532/PN532_SPI.cpp:141:5: error: 'vTaskDelay' was not declared in this scope
  141 |     vTaskDelay(1);
      |     ^~~~~~~~~~
/Users/colbybaker/esp-adf-env/nfc-test/components/esp-pn532/PN532_SPI.cpp: In member function 'bool PN532_SPI::isReady()':
/Users/colbybaker/esp-adf-env/nfc-test/components/esp-pn532/PN532_SPI.cpp:238:5: error: 'vTaskDelay' was not declared in this scope
  238 |     vTaskDelay(1);
      |     ^~~~~~~~~~
/Users/colbybaker/esp-adf-env/nfc-test/components/esp-pn532/PN532_SPI.cpp:248:5: warning: missing initializer for member 'spi_transaction_t::flags' [-Wmissing-field-initializers]
  248 |     };
      |     ^
/Users/colbybaker/esp-adf-env/nfc-test/components/esp-pn532/PN532_SPI.cpp:248:5: warning: missing initializer for member 'spi_transaction_t::cmd' [-Wmissing-field-initializers]
/Users/colbybaker/esp-adf-env/nfc-test/components/esp-pn532/PN532_SPI.cpp:248:5: warning: missing initializer for member 'spi_transaction_t::addr' [-Wmissing-field-initializers]
/Users/colbybaker/esp-adf-env/nfc-test/components/esp-pn532/PN532_SPI.cpp:248:5: warning: missing initializer for member 'spi_transaction_t::rxlength' [-Wmissing-field-initializers]
/Users/colbybaker/esp-adf-env/nfc-test/components/esp-pn532/PN532_SPI.cpp:248:5: warning: missing initializer for member 'spi_transaction_t::user' [-Wmissing-field-initializers]
/Users/colbybaker/esp-adf-env/nfc-test/components/esp-pn532/PN532_SPI.cpp: In member function 'int8_t PN532_SPI::readAckFrame()':
/Users/colbybaker/esp-adf-env/nfc-test/components/esp-pn532/PN532_SPI.cpp:268:5: error: 'vTaskDelay' was not declared in this scope
  268 |     vTaskDelay(1);
      |     ^~~~~~~~~~
/Users/colbybaker/esp-adf-env/nfc-test/components/esp-pn532/PN532_SPI.cpp:283:5: warning: missing initializer for member 'spi_transaction_t::flags' [-Wmissing-field-initializers]
  283 |     };
      |     ^
/Users/colbybaker/esp-adf-env/nfc-test/components/esp-pn532/PN532_SPI.cpp:283:5: warning: missing initializer for member 'spi_transaction_t::cmd' [-Wmissing-field-initializers]
/Users/colbybaker/esp-adf-env/nfc-test/components/esp-pn532/PN532_SPI.cpp:283:5: warning: missing initializer for member 'spi_transaction_t::addr' [-Wmissing-field-initializers]
/Users/colbybaker/esp-adf-env/nfc-test/components/esp-pn532/PN532_SPI.cpp:283:5: warning: missing initializer for member 'spi_transaction_t::rxlength' [-Wmissing-field-initializers]
/Users/colbybaker/esp-adf-env/nfc-test/components/esp-pn532/PN532_SPI.cpp:283:5: warning: missing initializer for member 'spi_transaction_t::user' [-Wmissing-field-initializers]
/Users/colbybaker/esp-adf-env/nfc-test/components/esp-pn532/PN532_SPI.cpp:271:13: warning: unused variable 'ackBuf' [-Wunused-variable]
  271 |     uint8_t ackBuf[sizeof(PN532_ACK)];
      |             ^~~~~~
[3/10] Building CXX object esp-idf/main/CMakeFiles/__idf_main.dir/nfc-test.cpp.obj
FAILED: esp-idf/main/CMakeFiles/__idf_main.dir/nfc-test.cpp.obj 
/Users/colbybaker/.espressif/tools/xtensa-esp32-elf/esp-2022r1-11.2.0/xtensa-esp32-elf/bin/xtensa-esp32-elf-g++  -I/Users/colbybaker/esp-adf-env/nfc-test/build/config -I/Users/colbybaker/esp-adf-env/nfc-test/main -I/Users/colbybaker/esp-adf-env/esp-adf/esp-idf/components/newlib/platform_include -I/Users/colbybaker/esp-adf-env/esp-adf/esp-idf/components/freertos/FreeRTOS-Kernel/include -I/Users/colbybaker/esp-adf-env/esp-adf/esp-idf/components/freertos/esp_additions/include/freertos -I/Users/colbybaker/esp-adf-env/esp-adf/esp-idf/components/freertos/FreeRTOS-Kernel/portable/xtensa/include -I/Users/colbybaker/esp-adf-env/esp-adf/esp-idf/components/freertos/esp_additions/include -I/Users/colbybaker/esp-adf-env/esp-adf/esp-idf/components/esp_hw_support/include -I/Users/colbybaker/esp-adf-env/esp-adf/esp-idf/components/esp_hw_support/include/soc -I/Users/colbybaker/esp-adf-env/esp-adf/esp-idf/components/esp_hw_support/include/soc/esp32 -I/Users/colbybaker/esp-adf-env/esp-adf/esp-idf/components/esp_hw_support/port/esp32/. -I/Users/colbybaker/esp-adf-env/esp-adf/esp-idf/components/esp_hw_support/port/esp32/private_include -I/Users/colbybaker/esp-adf-env/esp-adf/esp-idf/components/heap/include -I/Users/colbybaker/esp-adf-env/esp-adf/esp-idf/components/log/include -I/Users/colbybaker/esp-adf-env/esp-adf/esp-idf/components/soc/include -I/Users/colbybaker/esp-adf-env/esp-adf/esp-idf/components/soc/esp32/. -I/Users/colbybaker/esp-adf-env/esp-adf/esp-idf/components/soc/esp32/include -I/Users/colbybaker/esp-adf-env/esp-adf/esp-idf/components/hal/esp32/include -I/Users/colbybaker/esp-adf-env/esp-adf/esp-idf/components/hal/include -I/Users/colbybaker/esp-adf-env/esp-adf/esp-idf/components/hal/platform_port/include -I/Users/colbybaker/esp-adf-env/esp-adf/esp-idf/components/esp_rom/include -I/Users/colbybaker/esp-adf-env/esp-adf/esp-idf/components/esp_rom/include/esp32 -I/Users/colbybaker/esp-adf-env/esp-adf/esp-idf/components/esp_rom/esp32 -I/Users/colbybaker/esp-adf-env/esp-adf/esp-idf/components/esp_common/include -I/Users/colbybaker/esp-adf-env/esp-adf/esp-idf/components/esp_system/include -I/Users/colbybaker/esp-adf-env/esp-adf/esp-idf/components/esp_system/port/soc -I/Users/colbybaker/esp-adf-env/esp-adf/esp-idf/components/esp_system/port/include/private -I/Users/colbybaker/esp-adf-env/esp-adf/esp-idf/components/xtensa/include -I/Users/colbybaker/esp-adf-env/esp-adf/esp-idf/components/xtensa/esp32/include -I/Users/colbybaker/esp-adf-env/esp-adf/esp-idf/components/lwip/include -I/Users/colbybaker/esp-adf-env/esp-adf/esp-idf/components/lwip/include/apps -I/Users/colbybaker/esp-adf-env/esp-adf/esp-idf/components/lwip/include/apps/sntp -I/Users/colbybaker/esp-adf-env/esp-adf/esp-idf/components/lwip/lwip/src/include -I/Users/colbybaker/esp-adf-env/esp-adf/esp-idf/components/lwip/port/esp32/include -I/Users/colbybaker/esp-adf-env/esp-adf/esp-idf/components/lwip/port/esp32/include/arch -I/Users/colbybaker/esp-adf-env/nfc-test/components/esp-pn532/include -I/Users/colbybaker/esp-adf-env/esp-adf/esp-idf/components/driver/include -I/Users/colbybaker/esp-adf-env/esp-adf/esp-idf/components/driver/deprecated -I/Users/colbybaker/esp-adf-env/esp-adf/esp-idf/components/driver/esp32/include -I/Users/colbybaker/esp-adf-env/esp-adf/esp-idf/components/esp_pm/include -I/Users/colbybaker/esp-adf-env/esp-adf/esp-idf/components/esp_ringbuf/include -mlongcalls -Wno-frame-address  -fdiagnostics-color=always -ffunction-sections -fdata-sections -Wall -Werror=all -Wno-error=unused-function -Wno-error=unused-variable -Wno-error=deprecated-declarations -Wextra -Wno-unused-parameter -Wno-sign-compare -Wno-enum-conversion -gdwarf-4 -ggdb -Og -fmacro-prefix-map=/Users/colbybaker/esp-adf-env/nfc-test=. -fmacro-prefix-map=/Users/colbybaker/esp-adf-env/esp-adf/esp-idf=/IDF -fstrict-volatile-bitfields -Wno-error=unused-but-set-variable -fno-jump-tables -fno-tree-switch-conversion -DconfigENABLE_FREERTOS_DEBUG_OCDAWARE=1 -std=gnu++20 -fno-exceptions -fno-rtti -D_GNU_SOURCE -DIDF_VER=\"v5.0-dirty\" -DESP_PLATFORM -D_POSIX_READER_WRITER_LOCKS -std=gnu++17 -MD -MT esp-idf/main/CMakeFiles/__idf_main.dir/nfc-test.cpp.obj -MF esp-idf/main/CMakeFiles/__idf_main.dir/nfc-test.cpp.obj.d -o esp-idf/main/CMakeFiles/__idf_main.dir/nfc-test.cpp.obj -c /Users/colbybaker/esp-adf-env/nfc-test/main/nfc-test.cpp
/Users/colbybaker/esp-adf-env/nfc-test/main/nfc-test.cpp:24:8: error: 'SemaphoreHandle_t' does not name a type
   24 | static SemaphoreHandle_t button_semaphore = NULL;
      |        ^~~~~~~~~~~~~~~~~
/Users/colbybaker/esp-adf-env/nfc-test/main/nfc-test.cpp: In function 'void gpio_isr_handler(void*)':
/Users/colbybaker/esp-adf-env/nfc-test/main/nfc-test.cpp:65:27: error: 'button_semaphore' was not declared in this scope
   65 |     xSemaphoreGiveFromISR(button_semaphore, &xHigherPriorityTaskWoken);
      |                           ^~~~~~~~~~~~~~~~
/Users/colbybaker/esp-adf-env/nfc-test/main/nfc-test.cpp:65:5: error: 'xSemaphoreGiveFromISR' was not declared in this scope
   65 |     xSemaphoreGiveFromISR(button_semaphore, &xHigherPriorityTaskWoken);
      |     ^~~~~~~~~~~~~~~~~~~~~
/Users/colbybaker/esp-adf-env/nfc-test/main/nfc-test.cpp: In function 'void task_to_control(void*)':
/Users/colbybaker/esp-adf-env/nfc-test/main/nfc-test.cpp:74:27: error: 'button_semaphore' was not declared in this scope
   74 |         if(xSemaphoreTake(button_semaphore, portMAX_DELAY) == pdTRUE) {
      |                           ^~~~~~~~~~~~~~~~
/Users/colbybaker/esp-adf-env/nfc-test/main/nfc-test.cpp:74:12: error: 'xSemaphoreTake' was not declared in this scope
   74 |         if(xSemaphoreTake(button_semaphore, portMAX_DELAY) == pdTRUE) {
      |            ^~~~~~~~~~~~~~
/Users/colbybaker/esp-adf-env/nfc-test/main/nfc-test.cpp: In function 'int initialize_nfc_readers()':
/Users/colbybaker/esp-adf-env/nfc-test/main/nfc-test.cpp:117:5: error: 'button_semaphore' was not declared in this scope
  117 |     button_semaphore = xSemaphoreCreateBinary();
      |     ^~~~~~~~~~~~~~~~
/Users/colbybaker/esp-adf-env/nfc-test/main/nfc-test.cpp:117:24: error: 'xSemaphoreCreateBinary' was not declared in this scope
  117 |     button_semaphore = xSemaphoreCreateBinary();
      |                        ^~~~~~~~~~~~~~~~~~~~~~
ninja: build stopped: subcommand failed.
